

--- attempt 1 ---
PATIENT_NAME: BHAVESH CHAUHAN MD
SAMPLE_ID: 10436879
REPORT_DATE: 2023-08-17
NAME	VALUE	UNIT	REF_LOW	REF_HIGH	FLAG
Haemoglobin	9.10	g/dL	13.0-17.0 g/dL
Total RBC	3.19	L/uL	4.5-5.5 L/uL
Haematocrit/PCV	27.20	fL	40.0-50.0 fL
Mean Corpuscular Volume (MCV)	85.30	fL	83.0-95.0 fL
Mean Corpuscular Hb (MCH)	28.50	Pg	27.0-32.0 Pg
Mean Corpuscular HbC (MCHC)	33.50	g/dL	31.5-35.5 g/dL
Red cell distribution Width (RDW-CV)	16.5	%	11.6-14.6 %
Total W.B.C. Count	10560	[H]	/uL	4000-10000 /uL
Differential Count:
Neutrophils	87.7	[H]	%	40-70 %
Lymphocytes	5.9	[L]	%	20-40 %
Eosinophils	0.7	[L]	%	1-6 %
Monocytes	5.5	%	2-10 %
Basophils	0.2	%	0-1 %
Platelets	370	/uL	150-450 /uL
Platelet Count	9.4	fL	6.78-13.46 fL
MPV	58.80	/uL	-
Immature Platelet Fraction	2.90	%	0-5 %
Absolute Counts:
Neutrophils (abs)	9261.12	[H]	/uL	1575-8800 /uL
Lymphocytes (abs)	623.04	[L]	/uL	1125-4950 /uL
Eosinophils (abs)	73.92	/uL	0-400 /uL
Monocytes (abs)	58.80	/uL	0-1000 /uL
Basophils (abs)	21.12	/uL	0-100 /uL
```

--- attempt 2 ---
NAME\tVALUE\tUNIT\tREF_LOW\tREF_HIGH\tFLAG
Haemoglobin\t9.10\tg/dL\t13.0-17.0\tg/dL\t[H]
Total RBC\t3.19\tL/uL\t4.5-5.5\tL/uL\t[H]
Haematocrit/PCV\t27.20\tfL\t40.0-50.0\tfL\t[H]
Mean Corpuscular Volume (MCV)\t85.30\tfL\t83.0-95.0\tfL\t-\t-
Mean Corpuscular Hb (MCH)\t28.50\tPg\t27.0-32.0\tPg\t-\t-
Mean Corpuscular HbC (MCHC)\t33.50\tg/dL\t31.5-35.5\tg/dL\t-\t-
Red cell distribution Width (RDW-CV)\t16.5\t%\t11.6-14.6\t%\t-\t-
Total W.B.C. Count\t10560\t[H]\t/uL\t4000-10000\t/uL\t[H]
Differential Count:\nNeutrophils\t87.7\t[H]\t%\t40-70\t%\t[H]\nLymphocytes\t5.9\t[L]\t%\t20-40\t%\t[L]\nEosinophils\t0.7\t[L]\t%\t1-6\t%\t[L]\nMonocytes\t5.5\t%\t2-10\t%\t-\t-\nBasophils\t0.2\t%\t0-1\t%\t-\t-\nPlatelets\t370\t/uL\t150-450\t/uL\t-\t-\nPlatelet Count\t9.4\tfL\t6.78-13.46\tfL\t-\t-\nMPV\t58.80\t/uL\t-\t-\t-\nImmature Platelet Fraction\t2.90\t%\t0-5\t%\t-\t-\nAbsolute Counts:\nNeutrophils (abs)\t9261.12\t[H]\t/uL\t1575-8800\t/uL\t[H]\nLymphocytes (abs)\t623.04\t[L]\t/uL\t1125-4950\t/uL\t[L]\nEosinophils (abs)\t73.92\t/uL\t0-400\t/uL\t-\t-\nMonocytes (abs)\t58.80\t/uL\t0-1000\t/uL\t-\t-\nBasophils (abs)\t21.12\t/uL\t0-100\t/uL\t-\t-

--- attempt 3 ---
tsv
NAME\tVALUE\tUNIT\tREF_LOW\tREF_HIGH\tFLAG
Haemoglobin\t9.10\tg/dL\t13.0-17.0\tg/dL\t[H]
Total RBC\t3.19\tL/uL\t4.5-5.5\tL/uL\t[H]
Haematocrit/PCV\t27.20\tfL\t40.0-50.0\tfL\t[H]
Mean Corpuscular Volume (MCV)\t85.30\tfL\t83.0-95.0\tfL\t-\t-
Mean Corpuscular Hb (MCH)\t28.50\tPg\t27.0-32.0\tPg\t-\t-
Mean Corpuscular HbC (MCHC)\t33.50\tg/dL\t31.5-35.5\tg/dL\t-\t-
Red cell distribution Width (RDW-CV)\t16.5\t%\t11.6-14.6\t%\t-\t-
Total W.B.C. Count\t10560\t[H]\t/uL\t4000-10000\t/uL\t[H]
Differential Count:\nNeutrophils\t87.7\t[H]\t%\t40-70\t%\t[H]\nLymphocytes\t5.9\t[L]\t%\t20-40\t%\t[L]\nEosinophils\t0.7\t[L]\t%\t1-6\t%\t[L]\nMonocytes\t5.5\t%\t2-10\t%\t-\t-\nBasophils\t0.2\t%\t0-1\t%\t-\t-\nPlatelets\t370\t/uL\t150-450\t/uL\t-\t-\nPlatelet Count\t9.4\tfL\t6.78-13.46\tfL\t-\t-\nMPV\t58.80\t/uL\t-\t-\t-\nImmature Platelet Fraction\t2.90\t%\t0-5\t%\t-\t-\nAbsolute Counts:\nNeutrophils (abs)\t9261.12\t[H]\t/uL\t1575-8800\t/uL\t[H]\nLymphocytes (abs)\t623.04\t[L]\t/uL\t1125-4950\t/uL\t[L]\nEosinophils (abs)\t73.92\t/uL\t0-400\t/uL\t-\t-\nMonocytes (abs)\t58.80\t/uL\t0-1000\t/uL\t-\t-\nBasophils (abs)\t21.12\t/uL\t0-100\t/uL\t-\t-

--- attempt 4 ---
tsv
NAME\tVALUE\tUNIT\tREF_LOW\tREF_HIGH\tFLAG
Haemoglobin\t9.10\tg/dL\t13.0-17.0\tg/dL\t[H]
Total RBC\t3.19\tL/uL\t4.5-5.5\tL/uL\t[H]
Haematocrit/PCV\t27.20\tfL\t40.0-50.0\tfL\t[H]
Mean Corpuscular Volume (MCV)\t85.30\tfL\t83.0-95.0\tfL\t-\t-
Mean Corpuscular Hb (MCH)\t28.50\tPg\t27.0-32.0\tPg\t-\t-
Mean Corpuscular HbC (MCHC)\t33.50\tg/dL\t31.5-35.5\tg/dL\t-\t-
Red cell distribution Width (RDW-CV)\t16.5\t%\t11.6-14.6\t%\t-\t-
Total W.B.C. Count\t10560\t[H]\t/uL\t4000-10000\t/uL\t[H]
Differential Count:\nNeutrophils\t87.7\t[H]\t%\t40-70\t%\t[H]\nLymphocytes\t5.9\t[L]\t%\t20-40\t%\t[L]\nEosinophils\t0.7\t[L]\t%\t1-6\t%\t[L]\nMonocytes\t5.5\t%\t2-10\t%\t-\t-\nBasophils\t0.2\t%\t0-1\t%\t-\t-\nPlatelets\t370\t/uL\t150-450\t/uL\t-\t-\nPlatelet Count\t9.4\tfL\t6.78-13.46\tfL\t-\t-\nMPV\t58.80\t/uL\t-\t-\t-\nImmature Platelet Fraction\t2.90\t%\t0-5\t%\t-\t-\nAbsolute Counts:\nNeutrophils (abs)\t9261.12\t[H]\t/uL\t1575-8800\t/uL\t[H]\nLymphocytes (abs)\t623.04\t[L]\t/uL\t1125-4950\t/uL\t[L]\nEosinophils (abs)\t73.92\t/uL\t0-400\t/uL\t-\t-\nMonocytes (abs)\t58.80\t/uL\t0-1000\t/uL\t-\t-\nBasophils (abs)\t21.12\t/uL\t0-100\t/uL\t-\t-

--- attempt 5 ---
tsv
NAME\tVALUE\tUNIT\tREF_LOW\tREF_HIGH\tFLAG
Haemoglobin\t9.10\tg/dL\t13.0-17.0\tg/dL\t[H]
Total RBC\t3.19\tL/uL\t4.5-5.5\tL/uL\t[H]
Haematocrit/PCV\t27.20\tfL\t40.0-50.0\tfL\t[H]
Mean Corpuscular Volume (MCV)\t85.30\tfL\t83.0-95.0\tfL\t-\t-
Mean Corpuscular Hb (MCH)\t28.50\tPg\t27.0-32.0\tPg\t-\t-
Mean Corpuscular HbC (MCHC)\t33.50\tg/dL\t31.5-35.5\tg/dL\t-\t-
Red cell distribution Width (RDW-CV)\t16.5\t%\t11.6-14.6\t%\t-\t-
Total W.B.C. Count\t10560\t[H]\t/uL\t4000-10000\t/uL\t[H]
Differential Count:\nNeutrophils\t87.7\t[H]\t%\t40-70\t%\t[H]\nLymphocytes\t5.9\t[L]\t%\t20-40\t%\t[L]\nEosinophils\t0.7\t[L]\t%\t1-6\t%\t[L]\nMonocytes\t5.5\t%\t2-10\t%\t-\t-\nBasophils\t0.2\t%\t0-1\t%\t-\t-\nPlatelets\t370\t/uL\t150-450\t/uL\t-\t-\nPlatelet Count\t9.4\tfL\t6.78-13.46\tfL\t-\t-\nMPV\t58.80\t/uL\t-\t-\t-\nImmature Platelet Fraction\t2.90\t%\t0-5\t%\t-\t-\nAbsolute Counts:\nNeutrophils (abs)\t9261.12\t[H]\t/uL\t1575-8800\t/uL\t[H]\nLymphocytes (abs)\t623.04\t[L]\t/uL\t1125-4950\t/uL\t[L]\nEosinophils (abs)\t73.92\t/uL\t0-400\t/uL\t-\t-\nMonocytes (abs)\t58.80\t/uL\t0-1000\t/uL\t-\t-\nBasophils (abs)\t21.12\t/uL\t0-100\t/uL\t-\t-

--- attempt 6 ---
tsv
NAME\tVALUE\tUNIT\tREF_LOW\tREF_HIGH\tFLAG
Haemoglobin\t9.10\tg/dL\t13.0-17.0\tg/dL\t[H]
Total RBC\t3.19\tL/uL\t4.5-5.5\tL/uL\t[H]
Haematocrit/PCV\t27.20\tfL\t40.0-50.0\tfL\t[H]
Mean Corpuscular Volume (MCV)\t85.30\tfL\t83.0-95.0\tfL\t-\t-
Mean Corpuscular Hb (MCH)\t28.50\tPg\t27.0-32.0\tPg\t-\t-
Mean Corpuscular HbC (MCHC)\t33.50\tg/dL\t31.5-35.5\tg/dL\t-\t-
Red cell distribution Width (RDW-CV)\t16.5\t%\t11.6-14.6\t%\t-\t-
Total W.B.C. Count\t10560\t[H]\t/uL\t4000-10000\t/uL\t[H]
Differential Count:\nNeutrophils\t87.7\t[H]\t%\t40-70\t%\t[H]\nLymphocytes\t5.9\t[L]\t%\t20-40\t%\t[L]\nEosinophils\t0.7\t[L]\t%\t1-6\t%\t[L]\nMonocytes\t5.5\t%\t2-10\t%\t-\t-\nBasophils\t0.2\t%\t0-1\t%\t-\t-\nPlatelets\t370\t/uL\t150-450\t/uL\t-\t-\nPlatelet Count\t9.4\tfL\t6.78-13.46\tfL\t-\t-\nMPV\t58.80\t/uL\t-\t-\t-\nImmature Platelet Fraction\t2.90\t%\t0-5\t%\t-\t-\nAbsolute Counts:\nNeutrophils (abs)\t9261.12\t[H]\t/uL\t1575-8800\t/uL\t[H]\nLymphocytes (abs)\t623.04\t[L]\t/uL\t1125-4950\t/uL\t[L]\nEosinophils (abs)\t73.92\t/uL\t0-400\t/uL\t-\t-\nMonocytes (abs)\t58.80\t/uL\t0-1000\t/uL\t-\t-\nBasophils (abs)\t21.12\t/uL\t0-100\t/uL\t-\t-

--- attempt 7 ---
tsv
NAME\tVALUE\tUNIT\tREF_LOW\tREF_HIGH\tFLAG
Haemoglobin\t9.10\tg/dL\t13.0-17.0\tg/dL\t[H]
Total RBC\t3.19\tL/uL\t4.5-5.5\tL/uL\t[H]
Haematocrit/PCV\t27.20\tfL\t40.0-50.0\tfL\t[H]
Mean Corpuscular Volume (MCV)\t85.30\tfL\t83.0-95.0\tfL\t-\t-
Mean Corpuscular Hb (MCH)\t28.50\tPg\t27.0-32.0\tPg\t-\t-
Mean Corpuscular HbC (MCHC)\t33.50\tg/dL\t31.5-35.5\tg/dL\t-\t-
Red cell distribution Width (RDW-CV)\t16.5\t%\t11.6-14.6\t%\t-\t-
Total W.B.C. Count\t10560\t[H]\t/uL\t4000-10000\t/uL\t[H]
Differential Count:\nNeutrophils\t87.7\t[H]\t%\t40-70\t%\t[H]\nLymphocytes\t5.9\t[L]\t%\t20-40\t%\t[L]\nEosinophils\t0.7\t[L]\t%\t1-6\t%\t[L]\nMonocytes\t5.5\t%\t2-10\t%\t-\t-\nBasophils\t0.2\t%\t0-1\t%\t-\t-\nPlatelets\t370\t/uL\t150-450\t/uL\t-\t-\nPlatelet Count\t9.4\tfL\t6.78-13.46\tfL\t-\t-\nMPV\t58.80\t/uL\t-\t-\t-\nImmature Platelet Fraction\t2.90\t%\t0-5\t%\t-\t-\nAbsolute Counts:\nNeutrophils (abs)\t9261.12\t[H]\t/uL\t1575-8800\t/uL\t[H]\nLymphocytes (abs)\t623.04\t[L]\t/uL\t1125-4950\t/uL\t[L]\nEosinophils (abs)\t73.92\t/uL\t0-400\t/uL\t-\t-\nMonocytes (abs)\t58.80\t/uL\t0-1000\t/uL\t-\t-\nBasophils (abs)\t21.12\t/uL\t0-100\t/uL\t-\t-

--- attempt 8 ---
tsv
NAME\tVALUE\tUNIT\tREF_LOW\tREF_HIGH\tFLAG
Haemoglobin\t9.10\tg/dL\t13.0-17.0\tg/dL\t[H]
Total RBC\t3.19\tL/uL\t4.5-5.5\tL/uL\t[H]
Haematocrit/PCV\t27.20\tfL\t40.0-50.0\tfL\t[H]
Mean Corpuscular Volume (MCV)\t85.30\tfL\t83.0-95.0\tfL\t-\t-
Mean Corpuscular Hb (MCH)\t28.50\tPg\t27.0-32.0\tPg\t-\t-
Mean Corpuscular HbC (MCHC)\t33.50\tg/dL\t31.5-35.5\tg/dL\t-\t-
Red cell distribution Width (RDW-CV)\t16.5\t%\t11.6-14.6\t%\t-\t-
Total W.B.C. Count\t10560\t[H]\t/uL\t4000-10000\t/uL\t[H]
Differential Count:\nNeutrophils\t87.7\t[H]\t%\t40-70\t%\t[H]\nLymphocytes\t5.9\t[L]\t%\t20-40\t%\t[L]\nEosinophils\t0.7\t[L]\t%\t1-6\t%\t[L]\nMonocytes\t5.5\t%\t2-10\t%\t-\t-\nBasophils\t0.2\t%\t0-1\t%\t-\t-\nPlatelets\t370\t/uL\t150-450\t/uL\t-\t-\nPlatelet Count\t9.4\tfL\t6.78-13.46\tfL\t-\t-\nMPV\t58.80\t/uL\t-\t-\t-\nImmature Platelet Fraction\t2.90\t%\t0-5\t%\t-\t-\nAbsolute Counts:\nNeutrophils (abs)\t9261.12\t[H]\t/uL\t1575-8800\t/uL\t[H]\nLymphocytes (abs)\t623.04\t[L]\t/uL\t1125-4950\t/uL\t[L]\nEosinophils (abs)\t73.92\t/uL\t0-400\t/uL\t-\t-\nMonocytes (abs)\t58.80\t/uL\t0-1000\t/uL\t-\t-\nBasophils (abs)\t21.12\t/uL\t0-100\t/uL\t-\t-

--- attempt 9 ---
tsv
NAME\tVALUE\tUNIT\tREF_LOW\tREF_HIGH\tFLAG
Haemoglobin\t9.10\tg/dL\t13.0-17.0\tg/dL\t[H]
Total RBC\t3.19\tL/uL\t4.5-5.5\tL/uL\t[H]
Haematocrit/PCV\t27.20\tfL\t40.0-50.0\tfL\t[H]
Mean Corpuscular Volume (MCV)\t85.30\tfL\t83.0-95.0\tfL\t-\t-
Mean Corpuscular Hb (MCH)\t28.50\tPg\t27.0-32.0\tPg\t-\t-
Mean Corpuscular HbC (MCHC)\t33.50\tg/dL\t31.5-35.5\tg/dL\t-\t-
Red cell distribution Width (RDW-CV)\t16.5\t%\t11.6-14.6\t%\t-\t-
Total W.B.C. Count\t10560\t[H]\t/uL\t4000-10000\t/uL\t[H]
Differential Count:\nNeutrophils\t87.7\t[H]\t%\t40-70\t%\t[H]\nLymphocytes\t5.9\t[L]\t%\t20-40\t%\t[L]\nEosinophils\t0.7\t[L]\t%\t1-6\t%\t[L]\nMonocytes\t5.5\t%\t2-10\t%\t-\t-\nBasophils\t0.2\t%\t0-1\t%\t-\t-\nPlatelets\t370\t/uL\t150-450\t/uL\t-\t-\nPlatelet Count\t9.4\tfL\t6.78-13.46\tfL\t-\t-\nMPV\t58.80\t/uL\t-\t-\t-\nImmature Platelet Fraction\t2.90\t%\t0-5\t%\t-\t-\nAbsolute Counts:\nNeutrophils (abs)\t9261.12\t[H]\t/uL\t1575-8800\t/uL\t[H]\nLymphocytes (abs)\t623.04\t[L]\t/uL\t1125-4950\t/uL\t[L]\nEosinophils (abs)\t73.92\t/uL\t0-400\t/uL\t-\t-\nMonocytes (abs)\t58.80\t/uL\t0-1000\t/uL\t-\t-\nBasophils (abs)\t21.12\t/uL\t0-100\t/uL\t-\t-

--- attempt 10 ---
tsv
NAME\tVALUE\tUNIT\tREF_LOW\tREF_HIGH\tFLAG
Haemoglobin\t9.10\tg/dL\t13.0-17.0\tg/dL\t[H]
Total RBC\t3.19\tL/uL\t4.5-5.5\tL/uL\t[H]
Haematocrit/PCV\t27.20\tfL\t40.0-50.0\tfL\t[H]
Mean Corpuscular Volume (MCV)\t85.30\tfL\t83.0-95.0\tfL\t-\t-
Mean Corpuscular Hb (MCH)\t28.50\tPg\t27.0-32.0\tPg\t-\t-
Mean Corpuscular HbC (MCHC)\t33.50\tg/dL\t31.5-35.5\tg/dL\t-\t-
Red cell distribution Width (RDW-CV)\t16.5\t%\t11.6-14.6\t%\t-\t-
Total W.B.C. Count\t10560\t[H]\t/uL\t4000-10000\t/uL\t[H]
Differential Count:\nNeutrophils\t87.7\t[H]\t%\t40-70\t%\t[H]\nLymphocytes\t5.9\t[L]\t%\t20-40\t%\t[L]\nEosinophils\t0.7\t[L]\t%\t1-6\t%\t[L]\nMonocytes\t5.5\t%\t2-10\t%\t-\t-\nBasophils\t0.2\t%\t0-1\t%\t-\t-\nPlatelets\t370\t/uL\t150-450\t/uL\t-\t-\nPlatelet Count\t9.4\tfL\t6.78-13.46\tfL\t-\t-\nMPV\t58.80\t/uL\t-\t-\t-\nImmature Platelet Fraction\t2.90\t%\t0-5\t%\t-\t-\nAbsolute Counts:\nNeutrophils (abs)\t9261.12\t[H]\t/uL\t1575-8800\t/uL\t[H]\nLymphocytes (abs)\t623.04\t[L]\t/uL\t1125-4950\t/uL\t[L]\nEosinophils (abs)\t73.92\t/uL\t0-400\t/uL\t-\t-\nMonocytes (abs)\t58.80\t/uL\t0-1000\t/uL\t-\t-\nBasophils (abs)\t21.12\t/uL\t0-100\t/uL\t-\t-

--- attempt 1 ---
PATIENT_NAME: BHAVESH CHAUHAN MD
SAMPLE_ID: 10436879
REPORT_DATE: 2023-08-17
NAME	VALUE	UNIT	REF_LOW	REF_HIGH	FLAG
Haemoglobin	9.10	g/dL	13.0-17.0 g/dL
Total RBC	3.19	L/uL	4.5-5.5 L/uL
Haematocrit/PCV	27.20	fL	40.0-50.0 fL
Mean Corpuscular Volume (MCV)	85.30	fL	83.0-95.0 fL
Mean Corpuscular Hb (MCH)	28.50	Pg	27.0-32.0 Pg
Mean Corpuscular HbC (MCHC)	33.50	g/dL	31.5-35.5 g/dL
Red cell distribution Width (RDW-CV)	16.5	%	11.6-14.6 %
Total W.B.C. Count	10560	[H]	/uL	4000-10000 /uL
Differential Count:
Neutrophils	87.7	[H]	%	40-70 %
Lymphocytes	5.9	[L]	%	20-40 %
Eosinophils	0.7	[L]	%	1-6 %
Monocytes	5.5	%	2-10 %
Basophils	0.2	%	0-1 %
Platelets	370	/uL	150-450 /uL
Platelet Count	9.4	fL	6.78-13.46 fL
MPV	58.80	/uL	-
Immature Platelet Fraction	2.90	%	0-5 %
Absolute Counts:
Neutrophils (abs)	9261.12	[H]	/uL	1575-8800 /uL
Lymphocytes (abs)	623.04	[L]	/uL	1125-4950 /uL
Eosinophils (abs)	73.92	/uL	0-400 /uL
Monocytes (abs)	58.80	/uL	0-1000 /uL
Basophils (abs)	21.12	/uL	0-100 /uL
```

--- attempt 1 ---
PATIENT_NAME: BHAVESH CHAUHAN MD
SAMPLE_ID: 10436879
REPORT_DATE: 2023-08-17
NAME	VALUE	UNIT	REF_LOW	REF_HIGH	FLAG
Haemoglobin	9.10	g/dL	13.0-17.0 g/dL
Total RBC	3.19	L/uL	4.5-5.5 L/uL
Haematocrit/PCV	27.20	fL	40.0-50.0 fL
Mean Corpuscular Volume (MCV)	85.30	fL	83.0-95.0 fL
Mean Corpuscular Hb (MCH)	28.50	Pg	27.0-32.0 Pg
Mean Corpuscular HbC (MCHC)	33.50	g/dL	31.5-35.5 g/dL
Red cell distribution Width (RDW-CV)	16.5	%	11.6-14.6 %
Total W.B.C. Count	10560	[H]	/uL	4000-10000 /uL
Differential Count:
Neutrophils	87.7	[H]	%	40-70 %
Lymphocytes	5.9	[L]	%	20-40 %
Eosinophils	0.7	[L]	%	1-6 %
Monocytes	5.5	%	2-10 %
Basophils	0.2	%	0-1 %
Platelets	370	/uL	150-450 /uL
Platelet Count	9.4	fL	6.78-13.46 fL
MPV	58.80	/uL	-
Immature Platelet Fraction	2.90	%	0-5 %
Absolute Counts:
Neutrophils (abs)	9261.12	[H]	/uL	1575-8800 /uL
Lymphocytes (abs)	623.04	[L]	/uL	1125-4950 /uL
Eosinophils (abs)	73.92	/uL	0-400 /uL
Monocytes (abs)	58.80	/uL	0-1000 /uL
Basophils (abs)	21.12	/uL	0-100 /uL
```

--- attempt 1 ---
PATIENT_NAME: BHAVESH CHAUHAN MD
SAMPLE_ID: 10436879
REPORT_DATE: 2023-08-17
NAME	VALUE	UNIT	REF_LOW	REF_HIGH	FLAG
Haemoglobin	9.10	g/dL	13.0-17.0 g/dL
Total RBC	3.19	L/uL	4.5-5.5 L/uL
Haematocrit/PCV	27.20	fL	40.0-50.0 fL
Mean Corpuscular Volume (MCV)	85.30	fL	83.0-95.0 fL
Mean Corpuscular Hb (MCH)	28.50	Pg	27.0-32.0 Pg
Mean Corpuscular HbC (MCHC)	33.50	g/dL	31.5-35.5 g/dL
Red cell distribution Width (RDW-CV)	16.5	%	11.6-14.6 %
Total W.B.C. Count	10560	[H]	/uL	4000-10000 /uL
Differential Count:
Neutrophils	87.7	[H]	%	40-70 %
Lymphocytes	5.9	[L]	%	20-40 %
Eosinophils	0.7	[L]	%	1-6 %
Monocytes	5.5	%	2-10 %
Basophils	0.2	%	0-1 %
Platelets	370	/uL	150-450 /uL
Platelet Count	9.4	fL	6.78-13.46 fL
MPV	58.80	/uL	-
Immature Platelet Fraction	2.90	%	0-5 %
Absolute Counts:
Neutrophils (abs)	9261.12	[H]	/uL	1575-8800 /uL
Lymphocytes (abs)	623.04	[L]	/uL	1125-4950 /uL
Eosinophils (abs)	73.92	/uL	0-400 /uL
Monocytes (abs)	58.80	/uL	0-1000 /uL
Basophils (abs)	21.12	/uL	0-100 /uL
```

--- attempt 1 ---
PATIENT_NAME: BHAVESH CHAUHAN MD
SAMPLE_ID: 10436879
REPORT_DATE: 2023-08-17
NAME	VALUE	UNIT	REF_LOW	REF_HIGH	FLAG
Haemoglobin	9.10	g/dL	13.0-17.0 g/dL
Total RBC	3.19	L/uL	4.5-5.5 L/uL
Haematocrit/PCV	27.20	fL	40.0-50.0 fL
Mean Corpuscular Volume (MCV)	85.30	fL	83.0-95.0 fL
Mean Corpuscular Hb (MCH)	28.50	Pg	27.0-32.0 Pg
Mean Corpuscular HbC (MCHC)	33.50	g/dL	31.5-35.5 g/dL
Red cell distribution Width (RDW-CV)	16.5	%	11.6-14.6 %
Total W.B.C. Count	10560	[H]	/uL	4000-10000 /uL
Differential Count:
Neutrophils	87.7	[H]	%	40-70 %
Lymphocytes	5.9	[L]	%	20-40 %
Eosinophils	0.7	[L]	%	1-6 %
Monocytes	5.5	%	2-10 %
Basophils	0.2	%	0-1 %
Platelets	370	/uL	150-450 /uL
Platelet Count	9.4	fL	6.78-13.46 fL
MPV	58.80	/uL	-
Immature Platelet Fraction	2.90	%	0-5 %
Absolute Counts:
Neutrophils (abs)	9261.12	[H]	/uL	1575-8800 /uL
Lymphocytes (abs)	623.04	[L]	/uL	1125-4950 /uL
Eosinophils (abs)	73.92	/uL	0-400 /uL
Monocytes (abs)	58.80	/uL	0-1000 /uL
Basophils (abs)	21.12	/uL	0-100 /uL
```

--- attempt 1 ---
PATIENT_NAME: BHAVESH CHAUHAN MD
SAMPLE_ID: 10436879
REPORT_DATE: 2023-08-17
NAME	VALUE	UNIT	REF_LOW	REF_HIGH	FLAG
Haemoglobin	9.10	g/dL	13.0-17.0 g/dL
Total RBC	3.19	L/uL	4.5-5.5 L/uL
Haematocrit/PCV	27.20	fL	40.0-50.0 fL
Mean Corpuscular Volume (MCV)	85.30	fL	83.0-95.0 fL
Mean Corpuscular Hb (MCH)	28.50	Pg	27.0-32.0 Pg
Mean Corpuscular HbC (MCHC)	33.50	g/dL	31.5-35.5 g/dL
Red cell distribution Width (RDW-CV)	16.5	%	11.6-14.6 %
Total W.B.C. Count	10560	[H]	/uL	4000-10000 /uL
Differential Count:
Neutrophils	87.7	[H]	%	40-70 %
Lymphocytes	5.9	[L]	%	20-40 %
Eosinophils	0.7	[L]	%	1-6 %
Monocytes	5.5	%	2-10 %
Basophils	0.2	%	0-1 %
Platelets	370	/uL	150-450 /uL
Platelet Count	9.4	fL	6.78-13.46 fL
MPV	58.80	/uL	-
Immature Platelet Fraction	2.90	%	0-5 %
Absolute Counts:
Neutrophils (abs)	9261.12	[H]	/uL	1575-8800 /uL
Lymphocytes (abs)	623.04	[L]	/uL	1125-4950 /uL
Eosinophils (abs)	73.92	/uL	0-400 /uL
Monocytes (abs)	58.80	/uL	0-1000 /uL
Basophils (abs)	21.12	/uL	0-100 /uL
```